<?xml version="1.0" encoding="UTF-8"?>
<robot generator="Robot 5.0 (Python 3.10.2 on win32)" generated="20220409 23:26:38.458" rpa="false" schemaversion="3">
<suite id="s1" name="Crime Report" source="C:\Users\sherl\PycharmProjects\Robotic Frameworks with Flask and Database\Tests\Crime_Report\FunctionalTestSuite\Crime_Report.robot">
<test id="s1-t1" name="1:Guest User Test" line="8">
<kw name="Open Browser" library="SeleniumLibrary">
<arg>${web_url}</arg>
<arg>chrome</arg>
<doc>Opens a new browser instance to the optional ``url``.</doc>
<msg timestamp="20220409 23:26:38.698" level="INFO">Opening browser 'chrome' to base url 'http://127.0.0.1:5000'.</msg>
<status status="PASS" starttime="20220409 23:26:38.697" endtime="20220409 23:26:40.327"/>
</kw>
<kw name="Sleep" library="BuiltIn">
<arg>1s</arg>
<doc>Pauses the test executed for the given time.</doc>
<msg timestamp="20220409 23:26:41.332" level="INFO">Slept 1 second</msg>
<status status="PASS" starttime="20220409 23:26:40.328" endtime="20220409 23:26:41.332"/>
</kw>
<kw name="Click Element" library="SeleniumLibrary">
<arg>xpath=//html/body/div[2]/div/div/div/form/table/tbody/tr[5]/td[2]/a</arg>
<doc>Click the element identified by ``locator``.</doc>
<msg timestamp="20220409 23:26:41.332" level="INFO">Clicking element 'xpath=//html/body/div[2]/div/div/div/form/table/tbody/tr[5]/td[2]/a'.</msg>
<status status="PASS" starttime="20220409 23:26:41.332" endtime="20220409 23:26:41.451"/>
</kw>
<kw name="Sleep" library="BuiltIn">
<arg>1s</arg>
<doc>Pauses the test executed for the given time.</doc>
<msg timestamp="20220409 23:26:42.454" level="INFO">Slept 1 second</msg>
<status status="PASS" starttime="20220409 23:26:41.451" endtime="20220409 23:26:42.454"/>
</kw>
<kw name="1st Test Description">
<kw name="Input Text" library="SeleniumLibrary">
<arg>name:description</arg>
<arg>Psycho</arg>
<doc>Types the given ``text`` into the text field identified by ``locator``.</doc>
<msg timestamp="20220409 23:26:42.455" level="INFO">Typing text 'Psycho' into text field 'name:description'.</msg>
<status status="PASS" starttime="20220409 23:26:42.454" endtime="20220409 23:26:42.533"/>
</kw>
<status status="PASS" starttime="20220409 23:26:42.454" endtime="20220409 23:26:42.534"/>
</kw>
<kw name="Sleep" library="BuiltIn">
<arg>1s</arg>
<doc>Pauses the test executed for the given time.</doc>
<msg timestamp="20220409 23:26:43.546" level="INFO">Slept 1 second</msg>
<status status="PASS" starttime="20220409 23:26:42.534" endtime="20220409 23:26:43.546"/>
</kw>
<kw name="1st Test Remarks">
<kw name="Input Text" library="SeleniumLibrary">
<arg>name:remark</arg>
<arg>Abi</arg>
<doc>Types the given ``text`` into the text field identified by ``locator``.</doc>
<msg timestamp="20220409 23:26:43.547" level="INFO">Typing text 'Abi' into text field 'name:remark'.</msg>
<status status="PASS" starttime="20220409 23:26:43.547" endtime="20220409 23:26:43.616"/>
</kw>
<status status="PASS" starttime="20220409 23:26:43.547" endtime="20220409 23:26:43.616"/>
</kw>
<kw name="Sleep" library="BuiltIn">
<arg>1s</arg>
<doc>Pauses the test executed for the given time.</doc>
<msg timestamp="20220409 23:26:44.617" level="INFO">Slept 1 second</msg>
<status status="PASS" starttime="20220409 23:26:43.616" endtime="20220409 23:26:44.617"/>
</kw>
<kw name="Click Button" library="SeleniumLibrary">
<arg>xpath=//html/body/div[3]/div/div/form/table/tbody/tr[3]/td[2]/button</arg>
<doc>Clicks the button identified by ``locator``.</doc>
<msg timestamp="20220409 23:26:44.618" level="INFO">Clicking button 'xpath=//html/body/div[3]/div/div/form/table/tbody/tr[3]/td[2]/button'.</msg>
<status status="PASS" starttime="20220409 23:26:44.618" endtime="20220409 23:26:44.714"/>
</kw>
<kw name="Sleep" library="BuiltIn">
<arg>1s</arg>
<doc>Pauses the test executed for the given time.</doc>
<msg timestamp="20220409 23:26:45.721" level="INFO">Slept 1 second</msg>
<status status="PASS" starttime="20220409 23:26:44.715" endtime="20220409 23:26:45.721"/>
</kw>
<kw name="Close Browser" library="SeleniumLibrary">
<doc>Closes the current browser.</doc>
<status status="PASS" starttime="20220409 23:26:45.722" endtime="20220409 23:26:47.862"/>
</kw>
<doc>This Test is Used for a Guest</doc>
<tag>user</tag>
<status status="PASS" starttime="20220409 23:26:38.697" endtime="20220409 23:26:47.863"/>
</test>
<test id="s1-t2" name="2:User Register Test" line="23">
<kw name="Open Browser" library="SeleniumLibrary">
<arg>${web_url}</arg>
<arg>chrome</arg>
<doc>Opens a new browser instance to the optional ``url``.</doc>
<msg timestamp="20220409 23:26:47.864" level="INFO">Opening browser 'chrome' to base url 'http://127.0.0.1:5000'.</msg>
<status status="PASS" starttime="20220409 23:26:47.864" endtime="20220409 23:26:49.376"/>
</kw>
<kw name="Sleep" library="BuiltIn">
<arg>1s</arg>
<doc>Pauses the test executed for the given time.</doc>
<msg timestamp="20220409 23:26:50.380" level="INFO">Slept 1 second</msg>
<status status="PASS" starttime="20220409 23:26:49.377" endtime="20220409 23:26:50.380"/>
</kw>
<kw name="Click Element" library="SeleniumLibrary">
<arg>xpath=//html/body/div[2]/div/div/div/form/table/tbody/tr[6]/td[2]/a</arg>
<doc>Click the element identified by ``locator``.</doc>
<msg timestamp="20220409 23:26:50.381" level="INFO">Clicking element 'xpath=//html/body/div[2]/div/div/div/form/table/tbody/tr[6]/td[2]/a'.</msg>
<status status="PASS" starttime="20220409 23:26:50.381" endtime="20220409 23:26:50.489"/>
</kw>
<kw name="Sleep" library="BuiltIn">
<arg>1s</arg>
<doc>Pauses the test executed for the given time.</doc>
<msg timestamp="20220409 23:26:51.494" level="INFO">Slept 1 second</msg>
<status status="PASS" starttime="20220409 23:26:50.491" endtime="20220409 23:26:51.494"/>
</kw>
<kw name="2nd Test Name">
<kw name="Input Text" library="SeleniumLibrary">
<arg>name:name</arg>
<arg>Sameer</arg>
<doc>Types the given ``text`` into the text field identified by ``locator``.</doc>
<msg timestamp="20220409 23:26:51.495" level="INFO">Typing text 'Sameer' into text field 'name:name'.</msg>
<status status="PASS" starttime="20220409 23:26:51.495" endtime="20220409 23:26:51.583"/>
</kw>
<status status="PASS" starttime="20220409 23:26:51.494" endtime="20220409 23:26:51.583"/>
</kw>
<kw name="2nd Test Address">
<kw name="Input Text" library="SeleniumLibrary">
<arg>name:address</arg>
<arg>114</arg>
<doc>Types the given ``text`` into the text field identified by ``locator``.</doc>
<msg timestamp="20220409 23:26:51.584" level="INFO">Typing text '114' into text field 'name:address'.</msg>
<status status="PASS" starttime="20220409 23:26:51.584" endtime="20220409 23:26:51.670"/>
</kw>
<status status="PASS" starttime="20220409 23:26:51.583" endtime="20220409 23:26:51.670"/>
</kw>
<kw name="2nd Test email">
<kw name="Input Text" library="SeleniumLibrary">
<arg>name:email</arg>
<arg>arijitsameers@gmail.com</arg>
<doc>Types the given ``text`` into the text field identified by ``locator``.</doc>
<msg timestamp="20220409 23:26:51.671" level="INFO">Typing text 'arijitsameers@gmail.com' into text field 'name:email'.</msg>
<status status="PASS" starttime="20220409 23:26:51.671" endtime="20220409 23:26:51.784"/>
</kw>
<status status="PASS" starttime="20220409 23:26:51.670" endtime="20220409 23:26:51.785"/>
</kw>
<kw name="2nd Test phone">
<kw name="Input Text" library="SeleniumLibrary">
<arg>name:phone</arg>
<arg>8220062948</arg>
<doc>Types the given ``text`` into the text field identified by ``locator``.</doc>
<msg timestamp="20220409 23:26:51.785" level="INFO">Typing text '8220062948' into text field 'name:phone'.</msg>
<status status="PASS" starttime="20220409 23:26:51.785" endtime="20220409 23:26:51.878"/>
</kw>
<status status="PASS" starttime="20220409 23:26:51.785" endtime="20220409 23:26:51.878"/>
</kw>
<kw name="2nd Test pass">
<kw name="Input Text" library="SeleniumLibrary">
<arg>name:pass</arg>
<arg>98765</arg>
<doc>Types the given ``text`` into the text field identified by ``locator``.</doc>
<msg timestamp="20220409 23:26:51.879" level="INFO">Typing text '98765' into text field 'name:pass'.</msg>
<status status="PASS" starttime="20220409 23:26:51.879" endtime="20220409 23:26:51.962"/>
</kw>
<status status="PASS" starttime="20220409 23:26:51.879" endtime="20220409 23:26:51.962"/>
</kw>
<kw name="Sleep" library="BuiltIn">
<arg>1s</arg>
<doc>Pauses the test executed for the given time.</doc>
<msg timestamp="20220409 23:26:52.969" level="INFO">Slept 1 second</msg>
<status status="PASS" starttime="20220409 23:26:51.963" endtime="20220409 23:26:52.969"/>
</kw>
<kw name="Click Button" library="SeleniumLibrary">
<arg>xpath=//html/body/div/div/div/form/table/tbody/tr[6]/td[2]/button</arg>
<doc>Clicks the button identified by ``locator``.</doc>
<msg timestamp="20220409 23:26:52.969" level="INFO">Clicking button 'xpath=//html/body/div/div/div/form/table/tbody/tr[6]/td[2]/button'.</msg>
<status status="PASS" starttime="20220409 23:26:52.969" endtime="20220409 23:26:53.063"/>
</kw>
<kw name="Sleep" library="BuiltIn">
<arg>1s</arg>
<doc>Pauses the test executed for the given time.</doc>
<msg timestamp="20220409 23:26:54.072" level="INFO">Slept 1 second</msg>
<status status="PASS" starttime="20220409 23:26:53.064" endtime="20220409 23:26:54.072"/>
</kw>
<kw name="Close Browser" library="SeleniumLibrary">
<doc>Closes the current browser.</doc>
<status status="PASS" starttime="20220409 23:26:54.072" endtime="20220409 23:26:56.734"/>
</kw>
<doc>This test is to register user</doc>
<tag>user</tag>
<status status="PASS" starttime="20220409 23:26:47.864" endtime="20220409 23:26:56.734"/>
</test>
<test id="s1-t3" name="3:Registered User Login Test" line="40">
<kw name="Open Browser" library="SeleniumLibrary">
<arg>${web_url}</arg>
<arg>chrome</arg>
<doc>Opens a new browser instance to the optional ``url``.</doc>
<msg timestamp="20220409 23:26:56.737" level="INFO">Opening browser 'chrome' to base url 'http://127.0.0.1:5000'.</msg>
<status status="PASS" starttime="20220409 23:26:56.736" endtime="20220409 23:26:58.225"/>
</kw>
<kw name="Click Element" library="SeleniumLibrary">
<arg>xpath=//html/body/div[2]/div/div/div/form/table/tbody/tr[4]/td[2]/a</arg>
<doc>Click the element identified by ``locator``.</doc>
<msg timestamp="20220409 23:26:58.228" level="INFO">Clicking element 'xpath=//html/body/div[2]/div/div/div/form/table/tbody/tr[4]/td[2]/a'.</msg>
<status status="PASS" starttime="20220409 23:26:58.227" endtime="20220409 23:26:58.343"/>
</kw>
<kw name="2nd Test email">
<kw name="Input Text" library="SeleniumLibrary">
<arg>name:email</arg>
<arg>arijitsameers@gmail.com</arg>
<doc>Types the given ``text`` into the text field identified by ``locator``.</doc>
<msg timestamp="20220409 23:26:58.347" level="INFO">Typing text 'arijitsameers@gmail.com' into text field 'name:email'.</msg>
<status status="PASS" starttime="20220409 23:26:58.347" endtime="20220409 23:26:58.465"/>
</kw>
<status status="PASS" starttime="20220409 23:26:58.346" endtime="20220409 23:26:58.466"/>
</kw>
<kw name="2nd Test pass">
<kw name="Input Text" library="SeleniumLibrary">
<arg>name:pass</arg>
<arg>98765</arg>
<doc>Types the given ``text`` into the text field identified by ``locator``.</doc>
<msg timestamp="20220409 23:26:58.468" level="INFO">Typing text '98765' into text field 'name:pass'.</msg>
<status status="PASS" starttime="20220409 23:26:58.467" endtime="20220409 23:26:58.565"/>
</kw>
<status status="PASS" starttime="20220409 23:26:58.467" endtime="20220409 23:26:58.565"/>
</kw>
<kw name="Sleep" library="BuiltIn">
<arg>1s</arg>
<doc>Pauses the test executed for the given time.</doc>
<msg timestamp="20220409 23:26:59.568" level="INFO">Slept 1 second</msg>
<status status="PASS" starttime="20220409 23:26:58.566" endtime="20220409 23:26:59.568"/>
</kw>
<kw name="Click Button" library="SeleniumLibrary">
<arg>xpath=//html/body/div[2]/div/div/form/table/tbody/tr[3]/td[2]/button</arg>
<doc>Clicks the button identified by ``locator``.</doc>
<msg timestamp="20220409 23:26:59.569" level="INFO">Clicking button 'xpath=//html/body/div[2]/div/div/form/table/tbody/tr[3]/td[2]/button'.</msg>
<status status="PASS" starttime="20220409 23:26:59.569" endtime="20220409 23:26:59.689"/>
</kw>
<kw name="Close Browser" library="SeleniumLibrary">
<doc>Closes the current browser.</doc>
<status status="PASS" starttime="20220409 23:26:59.690" endtime="20220409 23:27:01.854"/>
</kw>
<doc>This test is to login user</doc>
<tag>user</tag>
<status status="PASS" starttime="20220409 23:26:56.735" endtime="20220409 23:27:01.854"/>
</test>
<test id="s1-t4" name="4:User Report Crime Test" line="51">
<kw name="Open Browser" library="SeleniumLibrary">
<arg>${web_url}</arg>
<arg>chrome</arg>
<doc>Opens a new browser instance to the optional ``url``.</doc>
<msg timestamp="20220409 23:27:01.856" level="INFO">Opening browser 'chrome' to base url 'http://127.0.0.1:5000'.</msg>
<status status="PASS" starttime="20220409 23:27:01.856" endtime="20220409 23:27:03.472"/>
</kw>
<kw name="Click Element" library="SeleniumLibrary">
<arg>xpath=//html/body/div[2]/div/div/div/form/table/tbody/tr[4]/td[2]/a</arg>
<doc>Click the element identified by ``locator``.</doc>
<msg timestamp="20220409 23:27:03.473" level="INFO">Clicking element 'xpath=//html/body/div[2]/div/div/div/form/table/tbody/tr[4]/td[2]/a'.</msg>
<status status="PASS" starttime="20220409 23:27:03.472" endtime="20220409 23:27:03.592"/>
</kw>
<kw name="2nd Test email">
<kw name="Input Text" library="SeleniumLibrary">
<arg>name:email</arg>
<arg>arijitsameers@gmail.com</arg>
<doc>Types the given ``text`` into the text field identified by ``locator``.</doc>
<msg timestamp="20220409 23:27:03.594" level="INFO">Typing text 'arijitsameers@gmail.com' into text field 'name:email'.</msg>
<status status="PASS" starttime="20220409 23:27:03.593" endtime="20220409 23:27:03.740"/>
</kw>
<status status="PASS" starttime="20220409 23:27:03.592" endtime="20220409 23:27:03.740"/>
</kw>
<kw name="2nd Test pass">
<kw name="Input Text" library="SeleniumLibrary">
<arg>name:pass</arg>
<arg>98765</arg>
<doc>Types the given ``text`` into the text field identified by ``locator``.</doc>
<msg timestamp="20220409 23:27:03.741" level="INFO">Typing text '98765' into text field 'name:pass'.</msg>
<status status="PASS" starttime="20220409 23:27:03.741" endtime="20220409 23:27:03.829"/>
</kw>
<status status="PASS" starttime="20220409 23:27:03.741" endtime="20220409 23:27:03.829"/>
</kw>
<kw name="Sleep" library="BuiltIn">
<arg>1s</arg>
<doc>Pauses the test executed for the given time.</doc>
<msg timestamp="20220409 23:27:04.843" level="INFO">Slept 1 second</msg>
<status status="PASS" starttime="20220409 23:27:03.830" endtime="20220409 23:27:04.843"/>
</kw>
<kw name="Click Button" library="SeleniumLibrary">
<arg>xpath=//html/body/div[2]/div/div/form/table/tbody/tr[3]/td[2]/button</arg>
<doc>Clicks the button identified by ``locator``.</doc>
<msg timestamp="20220409 23:27:04.844" level="INFO">Clicking button 'xpath=//html/body/div[2]/div/div/form/table/tbody/tr[3]/td[2]/button'.</msg>
<status status="PASS" starttime="20220409 23:27:04.843" endtime="20220409 23:27:04.954"/>
</kw>
<kw name="Sleep" library="BuiltIn">
<arg>1s</arg>
<doc>Pauses the test executed for the given time.</doc>
<msg timestamp="20220409 23:27:05.966" level="INFO">Slept 1 second</msg>
<status status="PASS" starttime="20220409 23:27:04.955" endtime="20220409 23:27:05.966"/>
</kw>
<kw name="Click Element" library="SeleniumLibrary">
<arg>xpath=//html/body/div/div/div/nav/div/div/ul/li[1]/a</arg>
<doc>Click the element identified by ``locator``.</doc>
<msg timestamp="20220409 23:27:05.966" level="INFO">Clicking element 'xpath=//html/body/div/div/div/nav/div/div/ul/li[1]/a'.</msg>
<status status="PASS" starttime="20220409 23:27:05.966" endtime="20220409 23:27:06.044"/>
</kw>
<kw name="1st Test Description">
<kw name="Input Text" library="SeleniumLibrary">
<arg>name:description</arg>
<arg>Psycho</arg>
<doc>Types the given ``text`` into the text field identified by ``locator``.</doc>
<msg timestamp="20220409 23:27:06.047" level="INFO">Typing text 'Psycho' into text field 'name:description'.</msg>
<status status="PASS" starttime="20220409 23:27:06.046" endtime="20220409 23:27:06.133"/>
</kw>
<status status="PASS" starttime="20220409 23:27:06.045" endtime="20220409 23:27:06.133"/>
</kw>
<kw name="1st Test Remarks">
<kw name="Input Text" library="SeleniumLibrary">
<arg>name:remark</arg>
<arg>Abi</arg>
<doc>Types the given ``text`` into the text field identified by ``locator``.</doc>
<msg timestamp="20220409 23:27:06.134" level="INFO">Typing text 'Abi' into text field 'name:remark'.</msg>
<status status="PASS" starttime="20220409 23:27:06.134" endtime="20220409 23:27:06.224"/>
</kw>
<status status="PASS" starttime="20220409 23:27:06.134" endtime="20220409 23:27:06.224"/>
</kw>
<kw name="Sleep" library="BuiltIn">
<arg>1s</arg>
<doc>Pauses the test executed for the given time.</doc>
<msg timestamp="20220409 23:27:07.240" level="INFO">Slept 1 second</msg>
<status status="PASS" starttime="20220409 23:27:06.224" endtime="20220409 23:27:07.240"/>
</kw>
<kw name="Click Button" library="SeleniumLibrary">
<arg>xpath=//html/body/div[3]/div/div/form/table/tbody/tr[3]/td[2]/button</arg>
<doc>Clicks the button identified by ``locator``.</doc>
<msg timestamp="20220409 23:27:07.241" level="INFO">Clicking button 'xpath=//html/body/div[3]/div/div/form/table/tbody/tr[3]/td[2]/button'.</msg>
<status status="PASS" starttime="20220409 23:27:07.240" endtime="20220409 23:27:07.354"/>
</kw>
<kw name="Sleep" library="BuiltIn">
<arg>1s</arg>
<doc>Pauses the test executed for the given time.</doc>
<msg timestamp="20220409 23:27:08.355" level="INFO">Slept 1 second</msg>
<status status="PASS" starttime="20220409 23:27:07.354" endtime="20220409 23:27:08.355"/>
</kw>
<kw name="Close Browser" library="SeleniumLibrary">
<doc>Closes the current browser.</doc>
<status status="PASS" starttime="20220409 23:27:08.355" endtime="20220409 23:27:10.503"/>
</kw>
<doc>This test is to report crime</doc>
<tag>user</tag>
<status status="PASS" starttime="20220409 23:27:01.855" endtime="20220409 23:27:10.504"/>
</test>
<test id="s1-t5" name="5:User Modify Test" line="69">
<kw name="Open Browser" library="SeleniumLibrary">
<arg>${web_url}</arg>
<arg>chrome</arg>
<doc>Opens a new browser instance to the optional ``url``.</doc>
<msg timestamp="20220409 23:27:10.505" level="INFO">Opening browser 'chrome' to base url 'http://127.0.0.1:5000'.</msg>
<status status="PASS" starttime="20220409 23:27:10.505" endtime="20220409 23:27:12.022"/>
</kw>
<kw name="Click Element" library="SeleniumLibrary">
<arg>xpath=//html/body/div[2]/div/div/div/form/table/tbody/tr[4]/td[2]/a</arg>
<doc>Click the element identified by ``locator``.</doc>
<msg timestamp="20220409 23:27:12.023" level="INFO">Clicking element 'xpath=//html/body/div[2]/div/div/div/form/table/tbody/tr[4]/td[2]/a'.</msg>
<status status="PASS" starttime="20220409 23:27:12.023" endtime="20220409 23:27:12.150"/>
</kw>
<kw name="5th Test email">
<kw name="Input Text" library="SeleniumLibrary">
<arg>name:email</arg>
<arg>arijitsameers@gmail.com</arg>
<doc>Types the given ``text`` into the text field identified by ``locator``.</doc>
<msg timestamp="20220409 23:27:12.151" level="INFO">Typing text 'arijitsameers@gmail.com' into text field 'name:email'.</msg>
<status status="PASS" starttime="20220409 23:27:12.151" endtime="20220409 23:27:12.310"/>
</kw>
<status status="PASS" starttime="20220409 23:27:12.150" endtime="20220409 23:27:12.310"/>
</kw>
<kw name="5th Test pass">
<kw name="Input Text" library="SeleniumLibrary">
<arg>name:pass</arg>
<arg>98765</arg>
<doc>Types the given ``text`` into the text field identified by ``locator``.</doc>
<msg timestamp="20220409 23:27:12.312" level="INFO">Typing text '98765' into text field 'name:pass'.</msg>
<status status="PASS" starttime="20220409 23:27:12.311" endtime="20220409 23:27:12.420"/>
</kw>
<status status="PASS" starttime="20220409 23:27:12.311" endtime="20220409 23:27:12.420"/>
</kw>
<kw name="Click Button" library="SeleniumLibrary">
<arg>xpath=//html/body/div[2]/div/div/form/table/tbody/tr[3]/td[2]/button</arg>
<doc>Clicks the button identified by ``locator``.</doc>
<msg timestamp="20220409 23:27:12.421" level="INFO">Clicking button 'xpath=//html/body/div[2]/div/div/form/table/tbody/tr[3]/td[2]/button'.</msg>
<status status="PASS" starttime="20220409 23:27:12.420" endtime="20220409 23:27:12.547"/>
</kw>
<kw name="Sleep" library="BuiltIn">
<arg>1s</arg>
<doc>Pauses the test executed for the given time.</doc>
<msg timestamp="20220409 23:27:13.550" level="INFO">Slept 1 second</msg>
<status status="PASS" starttime="20220409 23:27:12.548" endtime="20220409 23:27:13.550"/>
</kw>
<kw name="Click Element" library="SeleniumLibrary">
<arg>xpath=//html/body/div/div/div/nav/div/div/ul/li[2]/a</arg>
<doc>Click the element identified by ``locator``.</doc>
<msg timestamp="20220409 23:27:13.551" level="INFO">Clicking element 'xpath=//html/body/div/div/div/nav/div/div/ul/li[2]/a'.</msg>
<status status="PASS" starttime="20220409 23:27:13.550" endtime="20220409 23:27:13.634"/>
</kw>
<kw name="5th Test newName">
<kw name="Input Text" library="SeleniumLibrary">
<arg>name:name</arg>
<arg>Sameer</arg>
<doc>Types the given ``text`` into the text field identified by ``locator``.</doc>
<msg timestamp="20220409 23:27:13.635" level="INFO">Typing text 'Sameer' into text field 'name:name'.</msg>
<status status="PASS" starttime="20220409 23:27:13.635" endtime="20220409 23:27:13.729"/>
</kw>
<status status="PASS" starttime="20220409 23:27:13.634" endtime="20220409 23:27:13.729"/>
</kw>
<kw name="Click Button" library="SeleniumLibrary">
<arg>xpath=//html/body/div[3]/div/div/form[1]/table/tbody/tr[2]/td[2]/button</arg>
<doc>Clicks the button identified by ``locator``.</doc>
<msg timestamp="20220409 23:27:13.730" level="INFO">Clicking button 'xpath=//html/body/div[3]/div/div/form[1]/table/tbody/tr[2]/td[2]/button'.</msg>
<status status="PASS" starttime="20220409 23:27:13.729" endtime="20220409 23:27:13.864"/>
</kw>
<kw name="5th Test Newaddress">
<kw name="Input Text" library="SeleniumLibrary">
<arg>name:address</arg>
<arg>Hosur</arg>
<doc>Types the given ``text`` into the text field identified by ``locator``.</doc>
<msg timestamp="20220409 23:27:13.865" level="INFO">Typing text 'Hosur' into text field 'name:address'.</msg>
<status status="PASS" starttime="20220409 23:27:13.865" endtime="20220409 23:27:14.007"/>
</kw>
<status status="PASS" starttime="20220409 23:27:13.864" endtime="20220409 23:27:14.007"/>
</kw>
<kw name="5th Test Newemail">
<kw name="Input Text" library="SeleniumLibrary">
<arg>name:email</arg>
<arg>sherlocksameer17@gmail.com</arg>
<doc>Types the given ``text`` into the text field identified by ``locator``.</doc>
<msg timestamp="20220409 23:27:14.008" level="INFO">Typing text 'sherlocksameer17@gmail.com' into text field 'name:email'.</msg>
<status status="PASS" starttime="20220409 23:27:14.008" endtime="20220409 23:27:14.140"/>
</kw>
<status status="PASS" starttime="20220409 23:27:14.008" endtime="20220409 23:27:14.140"/>
</kw>
<kw name="5th Test newphone">
<kw name="Input Text" library="SeleniumLibrary">
<arg>name:phone</arg>
<arg>8220062948</arg>
<doc>Types the given ``text`` into the text field identified by ``locator``.</doc>
<msg timestamp="20220409 23:27:14.142" level="INFO">Typing text '8220062948' into text field 'name:phone'.</msg>
<status status="PASS" starttime="20220409 23:27:14.142" endtime="20220409 23:27:14.257"/>
</kw>
<status status="PASS" starttime="20220409 23:27:14.141" endtime="20220409 23:27:14.258"/>
</kw>
<kw name="5th Test newpass">
<kw name="Input Text" library="SeleniumLibrary">
<arg>name:pass</arg>
<arg>98765</arg>
<doc>Types the given ``text`` into the text field identified by ``locator``.</doc>
<msg timestamp="20220409 23:27:14.259" level="INFO">Typing text '98765' into text field 'name:pass'.</msg>
<status status="PASS" starttime="20220409 23:27:14.259" endtime="20220409 23:27:14.358"/>
</kw>
<status status="PASS" starttime="20220409 23:27:14.258" endtime="20220409 23:27:14.358"/>
</kw>
<kw name="Close Browser" library="SeleniumLibrary">
<doc>Closes the current browser.</doc>
<status status="PASS" starttime="20220409 23:27:14.359" endtime="20220409 23:27:16.525"/>
</kw>
<doc>This test is for modification</doc>
<tag>user</tag>
<status status="PASS" starttime="20220409 23:27:10.504" endtime="20220409 23:27:16.526"/>
</test>
<test id="s1-t6" name="6:User Logout" line="87">
<kw name="Open Browser" library="SeleniumLibrary">
<arg>${web_url}</arg>
<arg>chrome</arg>
<doc>Opens a new browser instance to the optional ``url``.</doc>
<msg timestamp="20220409 23:27:16.528" level="INFO">Opening browser 'chrome' to base url 'http://127.0.0.1:5000'.</msg>
<status status="PASS" starttime="20220409 23:27:16.528" endtime="20220409 23:27:18.076"/>
</kw>
<kw name="Click Element" library="SeleniumLibrary">
<arg>xpath=//html/body/div[2]/div/div/div/form/table/tbody/tr[4]/td[2]/a</arg>
<doc>Click the element identified by ``locator``.</doc>
<msg timestamp="20220409 23:27:18.077" level="INFO">Clicking element 'xpath=//html/body/div[2]/div/div/div/form/table/tbody/tr[4]/td[2]/a'.</msg>
<status status="PASS" starttime="20220409 23:27:18.077" endtime="20220409 23:27:18.197"/>
</kw>
<kw name="2nd Test email">
<kw name="Input Text" library="SeleniumLibrary">
<arg>name:email</arg>
<arg>arijitsameers@gmail.com</arg>
<doc>Types the given ``text`` into the text field identified by ``locator``.</doc>
<msg timestamp="20220409 23:27:18.199" level="INFO">Typing text 'arijitsameers@gmail.com' into text field 'name:email'.</msg>
<status status="PASS" starttime="20220409 23:27:18.198" endtime="20220409 23:27:18.375"/>
</kw>
<status status="PASS" starttime="20220409 23:27:18.198" endtime="20220409 23:27:18.375"/>
</kw>
<kw name="2nd Test pass">
<kw name="Input Text" library="SeleniumLibrary">
<arg>name:pass</arg>
<arg>98765</arg>
<doc>Types the given ``text`` into the text field identified by ``locator``.</doc>
<msg timestamp="20220409 23:27:18.377" level="INFO">Typing text '98765' into text field 'name:pass'.</msg>
<status status="PASS" starttime="20220409 23:27:18.376" endtime="20220409 23:27:18.471"/>
</kw>
<status status="PASS" starttime="20220409 23:27:18.376" endtime="20220409 23:27:18.471"/>
</kw>
<kw name="Sleep" library="BuiltIn">
<arg>1s</arg>
<doc>Pauses the test executed for the given time.</doc>
<msg timestamp="20220409 23:27:19.475" level="INFO">Slept 1 second</msg>
<status status="PASS" starttime="20220409 23:27:18.471" endtime="20220409 23:27:19.475"/>
</kw>
<kw name="Click Button" library="SeleniumLibrary">
<arg>xpath=//html/body/div[2]/div/div/form/table/tbody/tr[3]/td[2]/button</arg>
<doc>Clicks the button identified by ``locator``.</doc>
<msg timestamp="20220409 23:27:19.476" level="INFO">Clicking button 'xpath=//html/body/div[2]/div/div/form/table/tbody/tr[3]/td[2]/button'.</msg>
<status status="PASS" starttime="20220409 23:27:19.476" endtime="20220409 23:27:19.606"/>
</kw>
<kw name="Sleep" library="BuiltIn">
<arg>1s</arg>
<doc>Pauses the test executed for the given time.</doc>
<msg timestamp="20220409 23:27:20.608" level="INFO">Slept 1 second</msg>
<status status="PASS" starttime="20220409 23:27:19.607" endtime="20220409 23:27:20.608"/>
</kw>
<kw name="Click Element" library="SeleniumLibrary">
<arg>xpath=//html/body/div/div/div/nav/div/div/ul/li[3]/a</arg>
<doc>Click the element identified by ``locator``.</doc>
<msg timestamp="20220409 23:27:20.609" level="INFO">Clicking element 'xpath=//html/body/div/div/div/nav/div/div/ul/li[3]/a'.</msg>
<status status="PASS" starttime="20220409 23:27:20.608" endtime="20220409 23:27:20.696"/>
</kw>
<kw name="Sleep" library="BuiltIn">
<arg>1s</arg>
<doc>Pauses the test executed for the given time.</doc>
<msg timestamp="20220409 23:27:21.699" level="INFO">Slept 1 second</msg>
<status status="PASS" starttime="20220409 23:27:20.697" endtime="20220409 23:27:21.699"/>
</kw>
<kw name="Close Browser" library="SeleniumLibrary">
<doc>Closes the current browser.</doc>
<status status="PASS" starttime="20220409 23:27:21.700" endtime="20220409 23:27:23.834"/>
</kw>
<doc>This test is to logout</doc>
<tag>user</tag>
<status status="PASS" starttime="20220409 23:27:16.527" endtime="20220409 23:27:23.835"/>
</test>
<test id="s1-t7" name="7:Admin Login Test" line="101">
<kw name="Open Browser" library="SeleniumLibrary">
<arg>${web_url}</arg>
<arg>chrome</arg>
<doc>Opens a new browser instance to the optional ``url``.</doc>
<msg timestamp="20220409 23:27:23.837" level="INFO">Opening browser 'chrome' to base url 'http://127.0.0.1:5000'.</msg>
<status status="PASS" starttime="20220409 23:27:23.837" endtime="20220409 23:27:25.324"/>
</kw>
<kw name="Sleep" library="BuiltIn">
<arg>1s</arg>
<doc>Pauses the test executed for the given time.</doc>
<msg timestamp="20220409 23:27:26.331" level="INFO">Slept 1 second</msg>
<status status="PASS" starttime="20220409 23:27:25.324" endtime="20220409 23:27:26.331"/>
</kw>
<kw name="7th Test admname">
<kw name="Input Text" library="SeleniumLibrary">
<arg>name:name</arg>
<arg>admin</arg>
<doc>Types the given ``text`` into the text field identified by ``locator``.</doc>
<msg timestamp="20220409 23:27:26.332" level="INFO">Typing text 'admin' into text field 'name:name'.</msg>
<status status="PASS" starttime="20220409 23:27:26.332" endtime="20220409 23:27:26.436"/>
</kw>
<status status="PASS" starttime="20220409 23:27:26.331" endtime="20220409 23:27:26.436"/>
</kw>
<kw name="7th Test Admpass">
<kw name="Input Text" library="SeleniumLibrary">
<arg>name:pass</arg>
<arg>12345</arg>
<doc>Types the given ``text`` into the text field identified by ``locator``.</doc>
<msg timestamp="20220409 23:27:26.438" level="INFO">Typing text '12345' into text field 'name:pass'.</msg>
<status status="PASS" starttime="20220409 23:27:26.437" endtime="20220409 23:27:26.541"/>
</kw>
<status status="PASS" starttime="20220409 23:27:26.437" endtime="20220409 23:27:26.541"/>
</kw>
<kw name="Sleep" library="BuiltIn">
<arg>1s</arg>
<doc>Pauses the test executed for the given time.</doc>
<msg timestamp="20220409 23:27:27.556" level="INFO">Slept 1 second</msg>
<status status="PASS" starttime="20220409 23:27:26.541" endtime="20220409 23:27:27.556"/>
</kw>
<kw name="Click Button" library="SeleniumLibrary">
<arg>xpath=//html/body/div[2]/div/div/div/form/table/tbody/tr[3]/td[2]/button</arg>
<doc>Clicks the button identified by ``locator``.</doc>
<msg timestamp="20220409 23:27:27.557" level="INFO">Clicking button 'xpath=//html/body/div[2]/div/div/div/form/table/tbody/tr[3]/td[2]/button'.</msg>
<status status="PASS" starttime="20220409 23:27:27.556" endtime="20220409 23:27:27.657"/>
</kw>
<kw name="Sleep" library="BuiltIn">
<arg>1s</arg>
<doc>Pauses the test executed for the given time.</doc>
<msg timestamp="20220409 23:27:28.672" level="INFO">Slept 1 second</msg>
<status status="PASS" starttime="20220409 23:27:27.658" endtime="20220409 23:27:28.672"/>
</kw>
<kw name="Close Browser" library="SeleniumLibrary">
<doc>Closes the current browser.</doc>
<status status="PASS" starttime="20220409 23:27:28.672" endtime="20220409 23:27:32.386"/>
</kw>
<doc>This test is for admin login</doc>
<tag>admin</tag>
<status status="PASS" starttime="20220409 23:27:23.836" endtime="20220409 23:27:32.386"/>
</test>
<test id="s1-t8" name="8:Admin View Report Test" line="113">
<kw name="Open Browser" library="SeleniumLibrary">
<arg>${web_url}</arg>
<arg>chrome</arg>
<doc>Opens a new browser instance to the optional ``url``.</doc>
<msg timestamp="20220409 23:27:32.388" level="INFO">Opening browser 'chrome' to base url 'http://127.0.0.1:5000'.</msg>
<status status="PASS" starttime="20220409 23:27:32.388" endtime="20220409 23:27:34.069"/>
</kw>
<kw name="Sleep" library="BuiltIn">
<arg>1s</arg>
<doc>Pauses the test executed for the given time.</doc>
<msg timestamp="20220409 23:27:35.083" level="INFO">Slept 1 second</msg>
<status status="PASS" starttime="20220409 23:27:34.070" endtime="20220409 23:27:35.083"/>
</kw>
<kw name="7th Test admname">
<kw name="Input Text" library="SeleniumLibrary">
<arg>name:name</arg>
<arg>admin</arg>
<doc>Types the given ``text`` into the text field identified by ``locator``.</doc>
<msg timestamp="20220409 23:27:35.084" level="INFO">Typing text 'admin' into text field 'name:name'.</msg>
<status status="PASS" starttime="20220409 23:27:35.084" endtime="20220409 23:27:35.199"/>
</kw>
<status status="PASS" starttime="20220409 23:27:35.083" endtime="20220409 23:27:35.199"/>
</kw>
<kw name="7th Test Admpass">
<kw name="Input Text" library="SeleniumLibrary">
<arg>name:pass</arg>
<arg>12345</arg>
<doc>Types the given ``text`` into the text field identified by ``locator``.</doc>
<msg timestamp="20220409 23:27:35.201" level="INFO">Typing text '12345' into text field 'name:pass'.</msg>
<status status="PASS" starttime="20220409 23:27:35.200" endtime="20220409 23:27:35.314"/>
</kw>
<status status="PASS" starttime="20220409 23:27:35.200" endtime="20220409 23:27:35.314"/>
</kw>
<kw name="Sleep" library="BuiltIn">
<arg>1s</arg>
<doc>Pauses the test executed for the given time.</doc>
<msg timestamp="20220409 23:27:36.323" level="INFO">Slept 1 second</msg>
<status status="PASS" starttime="20220409 23:27:35.314" endtime="20220409 23:27:36.323"/>
</kw>
<kw name="Click Button" library="SeleniumLibrary">
<arg>xpath=//html/body/div[2]/div/div/div/form/table/tbody/tr[3]/td[2]/button</arg>
<doc>Clicks the button identified by ``locator``.</doc>
<msg timestamp="20220409 23:27:36.324" level="INFO">Clicking button 'xpath=//html/body/div[2]/div/div/div/form/table/tbody/tr[3]/td[2]/button'.</msg>
<status status="PASS" starttime="20220409 23:27:36.324" endtime="20220409 23:27:36.456"/>
</kw>
<kw name="Sleep" library="BuiltIn">
<arg>1s</arg>
<doc>Pauses the test executed for the given time.</doc>
<msg timestamp="20220409 23:27:37.469" level="INFO">Slept 1 second</msg>
<status status="PASS" starttime="20220409 23:27:36.457" endtime="20220409 23:27:37.469"/>
</kw>
<kw name="Click Element" library="SeleniumLibrary">
<arg>xpath=//html/body/div/div/div/nav/div/div/ul/li[1]/a</arg>
<doc>Click the element identified by ``locator``.</doc>
<msg timestamp="20220409 23:27:37.470" level="INFO">Clicking element 'xpath=//html/body/div/div/div/nav/div/div/ul/li[1]/a'.</msg>
<status status="PASS" starttime="20220409 23:27:37.470" endtime="20220409 23:27:37.565"/>
</kw>
<kw name="Close Browser" library="SeleniumLibrary">
<doc>Closes the current browser.</doc>
<status status="PASS" starttime="20220409 23:27:37.566" endtime="20220409 23:27:41.286"/>
</kw>
<doc>This test is to view report</doc>
<tag>admin</tag>
<status status="PASS" starttime="20220409 23:27:32.387" endtime="20220409 23:27:41.287"/>
</test>
<test id="s1-t9" name="9:Admin Search Report Test" line="126">
<kw name="Open Browser" library="SeleniumLibrary">
<arg>${web_url}</arg>
<arg>chrome</arg>
<doc>Opens a new browser instance to the optional ``url``.</doc>
<msg timestamp="20220409 23:27:41.289" level="INFO">Opening browser 'chrome' to base url 'http://127.0.0.1:5000'.</msg>
<status status="PASS" starttime="20220409 23:27:41.289" endtime="20220409 23:27:42.826"/>
</kw>
<kw name="Sleep" library="BuiltIn">
<arg>1s</arg>
<doc>Pauses the test executed for the given time.</doc>
<msg timestamp="20220409 23:27:43.840" level="INFO">Slept 1 second</msg>
<status status="PASS" starttime="20220409 23:27:42.827" endtime="20220409 23:27:43.840"/>
</kw>
<kw name="7th Test admname">
<kw name="Input Text" library="SeleniumLibrary">
<arg>name:name</arg>
<arg>admin</arg>
<doc>Types the given ``text`` into the text field identified by ``locator``.</doc>
<msg timestamp="20220409 23:27:43.841" level="INFO">Typing text 'admin' into text field 'name:name'.</msg>
<status status="PASS" starttime="20220409 23:27:43.841" endtime="20220409 23:27:43.941"/>
</kw>
<status status="PASS" starttime="20220409 23:27:43.840" endtime="20220409 23:27:43.941"/>
</kw>
<kw name="7th Test Admpass">
<kw name="Input Text" library="SeleniumLibrary">
<arg>name:pass</arg>
<arg>12345</arg>
<doc>Types the given ``text`` into the text field identified by ``locator``.</doc>
<msg timestamp="20220409 23:27:43.943" level="INFO">Typing text '12345' into text field 'name:pass'.</msg>
<status status="PASS" starttime="20220409 23:27:43.943" endtime="20220409 23:27:44.048"/>
</kw>
<status status="PASS" starttime="20220409 23:27:43.942" endtime="20220409 23:27:44.048"/>
</kw>
<kw name="Sleep" library="BuiltIn">
<arg>1s</arg>
<doc>Pauses the test executed for the given time.</doc>
<msg timestamp="20220409 23:27:45.050" level="INFO">Slept 1 second</msg>
<status status="PASS" starttime="20220409 23:27:44.049" endtime="20220409 23:27:45.050"/>
</kw>
<kw name="Click Button" library="SeleniumLibrary">
<arg>xpath=//html/body/div[2]/div/div/div/form/table/tbody/tr[3]/td[2]/button</arg>
<doc>Clicks the button identified by ``locator``.</doc>
<msg timestamp="20220409 23:27:45.051" level="INFO">Clicking button 'xpath=//html/body/div[2]/div/div/div/form/table/tbody/tr[3]/td[2]/button'.</msg>
<status status="PASS" starttime="20220409 23:27:45.050" endtime="20220409 23:27:45.179"/>
</kw>
<kw name="Sleep" library="BuiltIn">
<arg>1s</arg>
<doc>Pauses the test executed for the given time.</doc>
<msg timestamp="20220409 23:27:46.189" level="INFO">Slept 1 second</msg>
<status status="PASS" starttime="20220409 23:27:45.180" endtime="20220409 23:27:46.189"/>
</kw>
<kw name="Click Element" library="SeleniumLibrary">
<arg>xpath=//html/body/div/div/div/nav/div/div/ul/li[2]/a</arg>
<doc>Click the element identified by ``locator``.</doc>
<msg timestamp="20220409 23:27:46.190" level="INFO">Clicking element 'xpath=//html/body/div/div/div/nav/div/div/ul/li[2]/a'.</msg>
<status status="PASS" starttime="20220409 23:27:46.189" endtime="20220409 23:27:46.294"/>
</kw>
<kw name="Sleep" library="BuiltIn">
<arg>1s</arg>
<doc>Pauses the test executed for the given time.</doc>
<msg timestamp="20220409 23:27:47.303" level="INFO">Slept 1 second</msg>
<status status="PASS" starttime="20220409 23:27:46.295" endtime="20220409 23:27:47.303"/>
</kw>
<kw name="9th Test Date">
<kw name="Input Text" library="SeleniumLibrary">
<arg>name:date</arg>
<arg>09-04-2022</arg>
<doc>Types the given ``text`` into the text field identified by ``locator``.</doc>
<msg timestamp="20220409 23:27:47.304" level="INFO">Typing text '09-04-2022' into text field 'name:date'.</msg>
<status status="PASS" starttime="20220409 23:27:47.304" endtime="20220409 23:27:47.398"/>
</kw>
<status status="PASS" starttime="20220409 23:27:47.304" endtime="20220409 23:27:47.399"/>
</kw>
<kw name="Sleep" library="BuiltIn">
<arg>1s</arg>
<doc>Pauses the test executed for the given time.</doc>
<msg timestamp="20220409 23:27:48.400" level="INFO">Slept 1 second</msg>
<status status="PASS" starttime="20220409 23:27:47.399" endtime="20220409 23:27:48.400"/>
</kw>
<kw name="Click Button" library="SeleniumLibrary">
<arg>xpath=//html/body/div[4]/div/div/form/table/tbody/tr[2]/td[2]/button</arg>
<doc>Clicks the button identified by ``locator``.</doc>
<msg timestamp="20220409 23:27:48.401" level="INFO">Clicking button 'xpath=//html/body/div[4]/div/div/form/table/tbody/tr[2]/td[2]/button'.</msg>
<status status="PASS" starttime="20220409 23:27:48.400" endtime="20220409 23:27:48.498"/>
</kw>
<kw name="Sleep" library="BuiltIn">
<arg>1s</arg>
<doc>Pauses the test executed for the given time.</doc>
<msg timestamp="20220409 23:27:49.513" level="INFO">Slept 1 second</msg>
<status status="PASS" starttime="20220409 23:27:48.498" endtime="20220409 23:27:49.513"/>
</kw>
<kw name="Close Browser" library="SeleniumLibrary">
<doc>Closes the current browser.</doc>
<status status="PASS" starttime="20220409 23:27:49.514" endtime="20220409 23:27:51.670"/>
</kw>
<doc>This test is to search report</doc>
<tag>admin</tag>
<status status="PASS" starttime="20220409 23:27:41.288" endtime="20220409 23:27:51.671"/>
</test>
<test id="s1-t10" name="10:Admin Logout" line="144">
<kw name="Open Browser" library="SeleniumLibrary">
<arg>${web_url}</arg>
<arg>chrome</arg>
<doc>Opens a new browser instance to the optional ``url``.</doc>
<msg timestamp="20220409 23:27:51.675" level="INFO">Opening browser 'chrome' to base url 'http://127.0.0.1:5000'.</msg>
<status status="PASS" starttime="20220409 23:27:51.674" endtime="20220409 23:27:53.204"/>
</kw>
<kw name="Sleep" library="BuiltIn">
<arg>1s</arg>
<doc>Pauses the test executed for the given time.</doc>
<msg timestamp="20220409 23:27:54.210" level="INFO">Slept 1 second</msg>
<status status="PASS" starttime="20220409 23:27:53.204" endtime="20220409 23:27:54.210"/>
</kw>
<kw name="7th Test admname">
<kw name="Input Text" library="SeleniumLibrary">
<arg>name:name</arg>
<arg>admin</arg>
<doc>Types the given ``text`` into the text field identified by ``locator``.</doc>
<msg timestamp="20220409 23:27:54.211" level="INFO">Typing text 'admin' into text field 'name:name'.</msg>
<status status="PASS" starttime="20220409 23:27:54.211" endtime="20220409 23:27:54.321"/>
</kw>
<status status="PASS" starttime="20220409 23:27:54.210" endtime="20220409 23:27:54.321"/>
</kw>
<kw name="7th Test Admpass">
<kw name="Input Text" library="SeleniumLibrary">
<arg>name:pass</arg>
<arg>12345</arg>
<doc>Types the given ``text`` into the text field identified by ``locator``.</doc>
<msg timestamp="20220409 23:27:54.322" level="INFO">Typing text '12345' into text field 'name:pass'.</msg>
<status status="PASS" starttime="20220409 23:27:54.322" endtime="20220409 23:27:54.419"/>
</kw>
<status status="PASS" starttime="20220409 23:27:54.321" endtime="20220409 23:27:54.419"/>
</kw>
<kw name="Sleep" library="BuiltIn">
<arg>1s</arg>
<doc>Pauses the test executed for the given time.</doc>
<msg timestamp="20220409 23:27:55.423" level="INFO">Slept 1 second</msg>
<status status="PASS" starttime="20220409 23:27:54.419" endtime="20220409 23:27:55.423"/>
</kw>
<kw name="Click Button" library="SeleniumLibrary">
<arg>xpath=//html/body/div[2]/div/div/div/form/table/tbody/tr[3]/td[2]/button</arg>
<doc>Clicks the button identified by ``locator``.</doc>
<msg timestamp="20220409 23:27:55.424" level="INFO">Clicking button 'xpath=//html/body/div[2]/div/div/div/form/table/tbody/tr[3]/td[2]/button'.</msg>
<status status="PASS" starttime="20220409 23:27:55.423" endtime="20220409 23:27:55.521"/>
</kw>
<kw name="Sleep" library="BuiltIn">
<arg>1s</arg>
<doc>Pauses the test executed for the given time.</doc>
<msg timestamp="20220409 23:27:56.527" level="INFO">Slept 1 second</msg>
<status status="PASS" starttime="20220409 23:27:55.521" endtime="20220409 23:27:56.527"/>
</kw>
<kw name="Click Element" library="SeleniumLibrary">
<arg>xpath=//html/body/div/div/div/nav/div/div/ul/li[3]/a</arg>
<doc>Click the element identified by ``locator``.</doc>
<msg timestamp="20220409 23:27:56.528" level="INFO">Clicking element 'xpath=//html/body/div/div/div/nav/div/div/ul/li[3]/a'.</msg>
<status status="PASS" starttime="20220409 23:27:56.527" endtime="20220409 23:27:56.629"/>
</kw>
<kw name="Sleep" library="BuiltIn">
<arg>1s</arg>
<doc>Pauses the test executed for the given time.</doc>
<msg timestamp="20220409 23:27:57.645" level="INFO">Slept 1 second</msg>
<status status="PASS" starttime="20220409 23:27:56.630" endtime="20220409 23:27:57.645"/>
</kw>
<kw name="Close Browser" library="SeleniumLibrary">
<doc>Closes the current browser.</doc>
<status status="PASS" starttime="20220409 23:27:57.646" endtime="20220409 23:28:00.156"/>
</kw>
<doc>This test to logout admin</doc>
<tag>admin</tag>
<status status="PASS" starttime="20220409 23:27:51.673" endtime="20220409 23:28:00.157"/>
</test>
<status status="PASS" starttime="20220409 23:26:38.460" endtime="20220409 23:28:00.163"/>
</suite>
<statistics>
<total>
<stat pass="10" fail="0" skip="0">All Tests</stat>
</total>
<tag>
<stat pass="4" fail="0" skip="0">admin</stat>
<stat pass="6" fail="0" skip="0">user</stat>
</tag>
<suite>
<stat pass="10" fail="0" skip="0" id="s1" name="Crime Report">Crime Report</stat>
</suite>
</statistics>
<errors>
</errors>
</robot>
